<?xml version="1.0" encoding="UTF-8"?>
<!-- Generated by org.testng.reporters.JUnitReportReporter -->
<testsuite skipped="0" hostname="LAPTOP-FFQ1AJ6B" name="TestHomePageFeatures.TestLoginFeatures" tests="1" failures="0" timestamp="02 Nov 2017 19:01:48 GMT" time="18.504" errors="0">
  <testcase name="homePageFacebook" time="18.504" classname="TestHomePageFeatures.TestLoginFeatures"/>
</testsuite> <!-- TestHomePageFeatures.TestLoginFeatures -->
